<?xml version="1.0" encoding="UTF-8"?>
<!-- Generated by org.testng.reporters.JUnitXMLReporter -->
<testsuite hostname="DESKTOP-BIECMF0" ignored="0" name="Test" tests="4" failures="4" timestamp="2021-10-02T09:56:08 IST" time="31.431" errors="0">
  <testcase name="loginDDT" time="0.614" classname="com.orangeHRM30_09_21.testcases.Testcase_loginDDT_002">
    <failure type="java.lang.NullPointerException">
      <![CDATA[java.lang.NullPointerException
at com.orangeHRM30_09_21.testcases.Testcase_loginDDT_002.loginDDT(Testcase_loginDDT_002.java:21)
at java.util.ArrayList.forEach(ArrayList.java:1259)
... Removed 31 stack frames]]>
    </failure>
  </testcase> <!-- loginDDT -->
  <testcase name="loginDDT" time="0.451" classname="com.orangeHRM30_09_21.testcases.Testcase_loginDDT_002">
    <failure type="java.lang.NullPointerException">
      <![CDATA[java.lang.NullPointerException
at com.orangeHRM30_09_21.testcases.Testcase_loginDDT_002.loginDDT(Testcase_loginDDT_002.java:21)
at java.util.ArrayList.forEach(ArrayList.java:1259)
... Removed 31 stack frames]]>
    </failure>
  </testcase> <!-- loginDDT -->
  <testcase name="loginDDT" time="0.14" classname="com.orangeHRM30_09_21.testcases.Testcase_loginDDT_002">
    <failure type="java.lang.NullPointerException">
      <![CDATA[java.lang.NullPointerException
at com.orangeHRM30_09_21.testcases.Testcase_loginDDT_002.loginDDT(Testcase_loginDDT_002.java:21)
at java.util.ArrayList.forEach(ArrayList.java:1259)
... Removed 31 stack frames]]>
    </failure>
  </testcase> <!-- loginDDT -->
  <testcase name="loginDDT" time="0.192" classname="com.orangeHRM30_09_21.testcases.Testcase_loginDDT_002">
    <failure type="java.lang.NullPointerException">
      <![CDATA[java.lang.NullPointerException
at com.orangeHRM30_09_21.testcases.Testcase_loginDDT_002.loginDDT(Testcase_loginDDT_002.java:21)
at java.util.ArrayList.forEach(ArrayList.java:1259)
... Removed 31 stack frames]]>
    </failure>
  </testcase> <!-- loginDDT -->
</testsuite> <!-- Test -->
